[{u'_id': u'5aa65433287bd120ec66e8f5',
  u'date': 1520849938991L,
  u'dateString': u'2018-03-12T10:18:58.991Z',
  u'device': u'40SNU6',
  u'direction': u'Flat',
  u'filtered': 122784,
  u'glucose': 140,
  u'noise': 1,
  u'rssi': u'100',
  u'sgv': 140,
  u'trend': 127,
  u'type': u'sgv',
  u'unfiltered': 122208}]
entry id = 5aa65433287bd120ec66e8f5 , direction= Flat , noise= 1
glucose = 140 , unfiltered= 122208 , filtered= 122784
[{u'_id': u'5aa6551493d95900119adfce',
  u'created_at': u'2018-03-12T10:23:16.663Z',
  u'device': u'openaps://eddie2',
  u'openaps': {u'enacted': {u'COB': 0,
                            u'IOB': 0.783,
                            u'bg': 140,
                            u'deliverAt': u'2018-03-12T10:21:06.990Z',
                            u'duration': 30,
                            u'eventualBG': 115,
                            u'insulinReq': 0.27,
                            u'predBGs': {u'IOB': [140,
                                                  139,
                                                  138,
                                                  138,
                                                  137,
                                                  136,
                                                  134,
                                                  133,
                                                  132,
                                                  131,
                                                  129,
                                                  127,
                                                  126,
                                                  124,
                                                  123,
                                                  122,
                                                  120,
                                                  119,
                                                  118,
                                                  117,
                                                  116,
                                                  116,
                                                  115,
                                                  114,
                                                  114,
                                                  113,
                                                  113,
                                                  113,
                                                  112,
                                                  112,
                                                  112,
                                                  112,
                                                  111],
                                         u'UAM': [140,
                                                  139,
                                                  138,
                                                  138,
                                                  137,
                                                  136,
                                                  135,
                                                  134,
                                                  133,
                                                  132,
                                                  130,
                                                  129,
                                                  128,
                                                  126,
                                                  125,
                                                  123,
                                                  122,
                                                  121,
                                                  120,
                                                  119,
                                                  118,
                                                  118,
                                                  117,
                                                  116,
                                                  116,
                                                  115,
                                                  115,
                                                  114,
                                                  114,
                                                  114,
                                                  114,
                                                  113],
                                         u'ZT': [140,
                                                 137,
                                                 134,
                                                 131,
                                                 128,
                                                 126,
                                                 124,
                                                 122,
                                                 120,
                                                 118,
                                                 117,
                                                 116,
                                                 115,
                                                 114,
                                                 114,
                                                 114,
                                                 114,
                                                 114,
                                                 114,
                                                 115,
                                                 115]},
                            u'rate': 1.35,
                            u'reason': u'COB: 0, Dev: 16, BGI: -3, ISF: 53, CR: 16.02, Target: 100, minPredBG 114, minGuardBG 113, IOBpredBG 111, UAMpredBG 113; Eventual BG 115 >= 100,  insulinReq 0.27. Microbolusing 0.1U. temp 0.95<1.35U/hr. ',
                            u'received': True,
                            u'reservoir': u'101.9\n',
                            u'sensitivityRatio': 1,
                            u'temp': u'absolute',
                            u'tick': u'+0',
                            u'timestamp': u'2018-03-12T10:21:12.106Z',
                            u'units': 0.1},
               u'iob': {u'activity': 0.0119,
                        u'basaliob': -0.67,
                        u'bolusinsulin': 4.4,
                        u'bolusiob': 1.454,
                        u'iob': 0.783,
                        u'iobWithZeroTemp': {u'activity': 0.0119,
                                             u'basaliob': -0.67,
                                             u'bolusinsulin': 4.4,
                                             u'bolusiob': 1.454,
                                             u'iob': 0.783,
                                             u'netbasalinsulin': -1.15,
                                             u'time': u'2018-03-12T10:20:55.000Z'},
                        u'lastBolusTime': 1520848001000L,
                        u'lastTemp': {u'date': 1520849755000L,
                                      u'duration': 6.08,
                                      u'rate': 0.95,
                                      u'started_at': u'2018-03-12T10:15:55.000Z',
                                      u'timestamp': u'2018-03-12T06:15:55-04:00'},
                        u'netbasalinsulin': -1.15,
                        u'timestamp': u'2018-03-12T10:20:55.000Z'},
               u'suggested': {u'COB': 0,
                              u'IOB': 0.783,
                              u'bg': 140,
                              u'deliverAt': u'2018-03-12T10:21:06.990Z',
                              u'duration': 30,
                              u'eventualBG': 115,
                              u'insulinReq': 0.27,
                              u'rate': 1.35,
                              u'reason': u'COB: 0, Dev: 16, BGI: -3, ISF: 53, CR: 16.02, Target: 100, minPredBG 114, minGuardBG 113, IOBpredBG 111, UAMpredBG 113; Eventual BG 115 >= 100,  insulinReq 0.27. Microbolusing 0.1U. temp 0.95<1.35U/hr. ',
                              u'reservoir': u'101.9\n',
                              u'sensitivityRatio': 1,
                              u'temp': u'absolute',
                              u'tick': u'+0',
                              u'timestamp': u'2018-03-12T10:21:07.076Z',
                              u'units': 0.1}},
  u'pump': {u'battery': {u'string': u'normal', u'voltage': 1.38},
            u'clock': u'2018-03-12T06:20:55-04:00',
            u'reservoir': 101.8,
            u'status': {u'bolusing': True,
                        u'status': u'normal',
                        u'suspended': False,
                        u'timestamp': u'2018-03-12T10:21:28.946Z'}},
  u'uploader': {u'battery': 82, u'batteryVoltage': 3999}}]
enact timestamp = 2018-03-12T10:21:12.106Z
tick = +0
COB = 0
IOB = 0.783
edison battery = 82
